-------------------------------------------------------------------------------
Test set: com.api.parkingcontrol.dtos.EstacionamentoDtoTest
-------------------------------------------------------------------------------
Tests run: 1, Failures: 1, Errors: 0, Skipped: 0, Time elapsed: 0.044 s <<< FAILURE! - in com.api.parkingcontrol.dtos.EstacionamentoDtoTest
test  Time elapsed: 0.025 s  <<< FAILURE!
org.opentest4j.AssertionFailedError: Not yet implemented
	at com.api.parkingcontrol.dtos.EstacionamentoDtoTest.test(EstacionamentoDtoTest.java:11)

